C:\USERS\LIUJIE\DOCUMENTS\VISUAL STUDIO 2010\PROJECTS\M6\DEBUG\M6.EXE
C:\USERS\LIUJIE\DOCUMENTS\VISUAL STUDIO 2010\PROJECTS\M6\DEBUG\M6.ILK
C:\USERS\LIUJIE\DOCUMENTS\VISUAL STUDIO 2010\PROJECTS\M6\DEBUG\M6.PDB
C:\Users\liujie\documents\visual studio 2010\Projects\m6\m6\Debug\cl.command.1.tlog
C:\Users\liujie\documents\visual studio 2010\Projects\m6\m6\Debug\CL.read.1.tlog
C:\Users\liujie\documents\visual studio 2010\Projects\m6\m6\Debug\CL.write.1.tlog
C:\Users\liujie\documents\visual studio 2010\Projects\m6\m6\Debug\link.13236.read.1.tlog
C:\Users\liujie\documents\visual studio 2010\Projects\m6\m6\Debug\link.13236.write.1.tlog
C:\Users\liujie\documents\visual studio 2010\Projects\m6\m6\Debug\link.13236-cvtres.read.1.tlog
C:\Users\liujie\documents\visual studio 2010\Projects\m6\m6\Debug\link.13236-cvtres.write.1.tlog
C:\Users\liujie\documents\visual studio 2010\Projects\m6\m6\Debug\link.13676.read.1.tlog
C:\Users\liujie\documents\visual studio 2010\Projects\m6\m6\Debug\link.13676.write.1.tlog
C:\Users\liujie\documents\visual studio 2010\Projects\m6\m6\Debug\link.13676-cvtres.read.1.tlog
C:\Users\liujie\documents\visual studio 2010\Projects\m6\m6\Debug\link.13676-cvtres.write.1.tlog
C:\Users\liujie\documents\visual studio 2010\Projects\m6\m6\Debug\link.17932.read.1.tlog
C:\Users\liujie\documents\visual studio 2010\Projects\m6\m6\Debug\link.17932.write.1.tlog
C:\Users\liujie\documents\visual studio 2010\Projects\m6\m6\Debug\link.17932-cvtres.read.1.tlog
C:\Users\liujie\documents\visual studio 2010\Projects\m6\m6\Debug\link.17932-cvtres.write.1.tlog
C:\Users\liujie\documents\visual studio 2010\Projects\m6\m6\Debug\link.3992.read.1.tlog
C:\Users\liujie\documents\visual studio 2010\Projects\m6\m6\Debug\link.3992.write.1.tlog
C:\Users\liujie\documents\visual studio 2010\Projects\m6\m6\Debug\link.3992-cvtres.read.1.tlog
C:\Users\liujie\documents\visual studio 2010\Projects\m6\m6\Debug\link.3992-cvtres.write.1.tlog
C:\Users\liujie\documents\visual studio 2010\Projects\m6\m6\Debug\link.7672.read.1.tlog
C:\Users\liujie\documents\visual studio 2010\Projects\m6\m6\Debug\link.7672.write.1.tlog
C:\Users\liujie\documents\visual studio 2010\Projects\m6\m6\Debug\link.7672-cvtres.read.1.tlog
C:\Users\liujie\documents\visual studio 2010\Projects\m6\m6\Debug\link.7672-cvtres.write.1.tlog
C:\Users\liujie\documents\visual studio 2010\Projects\m6\m6\Debug\link.command.1.tlog
C:\Users\liujie\documents\visual studio 2010\Projects\m6\m6\Debug\link.read.1.tlog
C:\Users\liujie\documents\visual studio 2010\Projects\m6\m6\Debug\link.write.1.tlog
C:\Users\liujie\documents\visual studio 2010\Projects\m6\m6\Debug\link-cvtres.read.1.tlog
C:\Users\liujie\documents\visual studio 2010\Projects\m6\m6\Debug\link-cvtres.write.1.tlog
C:\USERS\LIUJIE\DOCUMENTS\VISUAL STUDIO 2010\PROJECTS\M6\M6\DEBUG\LOGINDLG.OBJ
C:\USERS\LIUJIE\DOCUMENTS\VISUAL STUDIO 2010\PROJECTS\M6\M6\DEBUG\M6.EXE.EMBED.MANIFEST
C:\USERS\LIUJIE\DOCUMENTS\VISUAL STUDIO 2010\PROJECTS\M6\M6\DEBUG\M6.EXE.EMBED.MANIFEST.RES
C:\USERS\LIUJIE\DOCUMENTS\VISUAL STUDIO 2010\PROJECTS\M6\M6\DEBUG\M6.EXE.INTERMEDIATE.MANIFEST
C:\USERS\LIUJIE\DOCUMENTS\VISUAL STUDIO 2010\PROJECTS\M6\M6\DEBUG\M6.OBJ
C:\USERS\LIUJIE\DOCUMENTS\VISUAL STUDIO 2010\PROJECTS\M6\M6\DEBUG\M6.PCH
C:\USERS\LIUJIE\DOCUMENTS\VISUAL STUDIO 2010\PROJECTS\M6\M6\DEBUG\M6.RES
C:\Users\liujie\documents\visual studio 2010\Projects\m6\m6\Debug\m6.vcxprojResolveAssemblyReference.cache
C:\Users\liujie\documents\visual studio 2010\Projects\m6\m6\Debug\m6.write.1.tlog
C:\Users\liujie\documents\visual studio 2010\Projects\m6\m6\Debug\m6_manifest.rc
C:\USERS\LIUJIE\DOCUMENTS\VISUAL STUDIO 2010\PROJECTS\M6\M6\DEBUG\M6DLG.OBJ
C:\Users\liujie\documents\visual studio 2010\Projects\m6\m6\Debug\mt.command.1.tlog
C:\Users\liujie\documents\visual studio 2010\Projects\m6\m6\Debug\mt.read.1.tlog
C:\Users\liujie\documents\visual studio 2010\Projects\m6\m6\Debug\mt.write.1.tlog
C:\Users\liujie\documents\visual studio 2010\Projects\m6\m6\Debug\rc.command.1.tlog
C:\Users\liujie\documents\visual studio 2010\Projects\m6\m6\Debug\rc.read.1.tlog
C:\Users\liujie\documents\visual studio 2010\Projects\m6\m6\Debug\rc.write.1.tlog
C:\USERS\LIUJIE\DOCUMENTS\VISUAL STUDIO 2010\PROJECTS\M6\M6\DEBUG\STDAFX.OBJ
C:\USERS\LIUJIE\DOCUMENTS\VISUAL STUDIO 2010\PROJECTS\M6\M6\DEBUG\TESTDLG.OBJ
C:\Users\liujie\documents\visual studio 2010\Projects\m6\m6\Debug\vc100.idb
C:\USERS\LIUJIE\DOCUMENTS\VISUAL STUDIO 2010\PROJECTS\M6\M6\DEBUG\VC100.PDB
