c:\Users\liujie\documents\visual studio 2010\Projects\m6\m6\Release\cl.command.1.tlog
c:\Users\liujie\documents\visual studio 2010\Projects\m6\m6\Release\CL.read.1.tlog
c:\Users\liujie\documents\visual studio 2010\Projects\m6\m6\Release\CL.write.1.tlog
c:\Users\liujie\documents\visual studio 2010\Projects\m6\m6\Release\link.command.1.tlog
c:\Users\liujie\documents\visual studio 2010\Projects\m6\m6\Release\link.read.1.tlog
c:\Users\liujie\documents\visual studio 2010\Projects\m6\m6\Release\link.write.1.tlog
c:\Users\liujie\documents\visual studio 2010\Projects\m6\m6\Release\link-cvtres.read.1.tlog
c:\Users\liujie\documents\visual studio 2010\Projects\m6\m6\Release\link-cvtres.write.1.tlog
C:\USERS\LIUJIE\DOCUMENTS\VISUAL STUDIO 2010\PROJECTS\M6\M6\RELEASE\LOGINDLG.OBJ
C:\USERS\LIUJIE\DOCUMENTS\VISUAL STUDIO 2010\PROJECTS\M6\M6\RELEASE\M6.EXE.INTERMEDIATE.MANIFEST
C:\USERS\LIUJIE\DOCUMENTS\VISUAL STUDIO 2010\PROJECTS\M6\M6\RELEASE\M6.OBJ
C:\USERS\LIUJIE\DOCUMENTS\VISUAL STUDIO 2010\PROJECTS\M6\M6\RELEASE\M6.PCH
C:\USERS\LIUJIE\DOCUMENTS\VISUAL STUDIO 2010\PROJECTS\M6\M6\RELEASE\M6.RES
c:\Users\liujie\documents\visual studio 2010\Projects\m6\m6\Release\m6.write.1.tlog
C:\USERS\LIUJIE\DOCUMENTS\VISUAL STUDIO 2010\PROJECTS\M6\M6\RELEASE\M6DLG.OBJ
c:\Users\liujie\documents\visual studio 2010\Projects\m6\m6\Release\mt.command.1.tlog
c:\Users\liujie\documents\visual studio 2010\Projects\m6\m6\Release\mt.read.1.tlog
c:\Users\liujie\documents\visual studio 2010\Projects\m6\m6\Release\mt.write.1.tlog
c:\Users\liujie\documents\visual studio 2010\Projects\m6\m6\Release\rc.command.1.tlog
c:\Users\liujie\documents\visual studio 2010\Projects\m6\m6\Release\rc.read.1.tlog
c:\Users\liujie\documents\visual studio 2010\Projects\m6\m6\Release\rc.write.1.tlog
C:\USERS\LIUJIE\DOCUMENTS\VISUAL STUDIO 2010\PROJECTS\M6\M6\RELEASE\STDAFX.OBJ
C:\USERS\LIUJIE\DOCUMENTS\VISUAL STUDIO 2010\PROJECTS\M6\M6\RELEASE\TESTDLG.OBJ
C:\USERS\LIUJIE\DOCUMENTS\VISUAL STUDIO 2010\PROJECTS\M6\M6\RELEASE\VC100.PDB
C:\USERS\LIUJIE\DOCUMENTS\VISUAL STUDIO 2010\PROJECTS\M6\RELEASE\M6.EXE
C:\USERS\LIUJIE\DOCUMENTS\VISUAL STUDIO 2010\PROJECTS\M6\RELEASE\M6.PDB
